<?xml version="1.0" encoding="UTF-8"?>
<testsuite xmlns:xsi="http://www.w3.org/2001/XMLSchema-instance" xsi:noNamespaceSchemaLocation="https://maven.apache.org/surefire/maven-surefire-plugin/xsd/surefire-test-report-3.0.xsd" version="3.0" name="com.example.movieservice.service.RecommendationServiceTest" time="2.701" tests="2" errors="0" skipped="0" failures="0">
  <properties>
[...]
</properties>
  <testcase name="testGetRecommendationsSuccess" classname="com.example.movieservice.service.RecommendationServiceTest" time="2.576"/>
  <testcase name="testGetRecommendationsFailure" classname="com.example.movieservice.service.RecommendationServiceTest" time="0.016"/>
</testsuite>